================================================= test session starts =================================================
platform win32 -- Python 3.14.7, pytest-9.1.1, pluggy-1.6.0
rootdir: D:\Projects\Java\Ampares-InterCanneloMarques\energy_collector
plugins: anyio-4.12.1
collected 0 items

================================================== warnings summary ===================================================
C:\Users\Quitto\AppData\Local\Programs\Python\Python314\Lib\site-packages\_pytest\config\__init__.py:1464
  C:\Users\Quitto\AppData\Local\Programs\Python\Python314\Lib\site-packages\_pytest\config\__init__.py:1464: PytestConfigWarning: Unknown config option: rootdir
  
    self._warn_or_fail_if_strict(f"Unknown config option: {key}\n")

-- Docs: https://docs.pytest.org/en/stable/how-to/capture-warnings.html
============================================= no tests collected in 0.07s =============================================
